[2026-06-08T22:05:49.982+0000] {manager.py:470} INFO - Processing files using up to 1 processes at a time 
[2026-06-08T22:05:49.983+0000] {manager.py:471} INFO - Process each file at most once every 30 seconds
[2026-06-08T22:05:49.984+0000] {manager.py:472} INFO - Checking for new files in /opt/airflow/dags every 300 seconds
[2026-06-08T22:05:49.984+0000] {manager.py:737} INFO - Searching for files in /opt/airflow/dags
[2026-06-08T22:05:50.000+0000] {manager.py:740} INFO - There are 1 files in /opt/airflow/dags
[2026-06-08T22:05:50.162+0000] {manager.py:878} INFO - 
================================================================================
DAG File Processing Stats

File Path                         PID    Runtime      # DAGs    # Errors  Last Runtime    Last Run
--------------------------------  -----  ---------  --------  ----------  --------------  -------------------
/opt/airflow/dags/weather_dag.py                           0           1  0.10s           2026-06-08T22:05:50
================================================================================
[2026-06-08T22:06:21.302+0000] {manager.py:878} INFO - 
================================================================================
DAG File Processing Stats

File Path                         PID    Runtime      # DAGs    # Errors  Last Runtime    Last Run
--------------------------------  -----  ---------  --------  ----------  --------------  -------------------
/opt/airflow/dags/weather_dag.py                           0           1  0.10s           2026-06-08T22:06:21
================================================================================
[2026-06-08T22:06:51.655+0000] {manager.py:878} INFO - 
================================================================================
DAG File Processing Stats

File Path                         PID    Runtime      # DAGs    # Errors  Last Runtime    Last Run
--------------------------------  -----  ---------  --------  ----------  --------------  -------------------
/opt/airflow/dags/weather_dag.py                           0           1  0.11s           2026-06-08T22:06:51
================================================================================
[2026-06-08T22:07:21.906+0000] {manager.py:878} INFO - 
================================================================================
DAG File Processing Stats

File Path                         PID    Runtime      # DAGs    # Errors  Last Runtime    Last Run
--------------------------------  -----  ---------  --------  ----------  --------------  -------------------
/opt/airflow/dags/weather_dag.py                           0           1  0.11s           2026-06-08T22:07:21
================================================================================
[2026-06-08T22:07:52.157+0000] {manager.py:878} INFO - 
================================================================================
DAG File Processing Stats

File Path                         PID    Runtime      # DAGs    # Errors  Last Runtime    Last Run
--------------------------------  -----  ---------  --------  ----------  --------------  -------------------
/opt/airflow/dags/weather_dag.py                           0           1  0.10s           2026-06-08T22:07:52
================================================================================
[2026-06-08T22:08:22.449+0000] {manager.py:878} INFO - 
================================================================================
DAG File Processing Stats

File Path                         PID    Runtime      # DAGs    # Errors  Last Runtime    Last Run
--------------------------------  -----  ---------  --------  ----------  --------------  -------------------
/opt/airflow/dags/weather_dag.py                           0           1  0.10s           2026-06-08T22:08:22
================================================================================
[2026-06-08T22:08:52.684+0000] {manager.py:878} INFO - 
================================================================================
DAG File Processing Stats

File Path                         PID    Runtime      # DAGs    # Errors  Last Runtime    Last Run
--------------------------------  -----  ---------  --------  ----------  --------------  -------------------
/opt/airflow/dags/weather_dag.py                           0           1  0.10s           2026-06-08T22:08:52
================================================================================
[2026-06-08T22:09:22.927+0000] {manager.py:878} INFO - 
================================================================================
DAG File Processing Stats

File Path                         PID    Runtime      # DAGs    # Errors  Last Runtime    Last Run
--------------------------------  -----  ---------  --------  ----------  --------------  -------------------
/opt/airflow/dags/weather_dag.py                           0           1  0.10s           2026-06-08T22:09:22
================================================================================
[2026-06-08T22:09:53.192+0000] {manager.py:878} INFO - 
================================================================================
DAG File Processing Stats

File Path                         PID    Runtime      # DAGs    # Errors  Last Runtime    Last Run
--------------------------------  -----  ---------  --------  ----------  --------------  -------------------
/opt/airflow/dags/weather_dag.py                           0           1  0.10s           2026-06-08T22:09:53
================================================================================
[2026-06-08T22:10:23.440+0000] {manager.py:878} INFO - 
================================================================================
DAG File Processing Stats

File Path                         PID    Runtime      # DAGs    # Errors  Last Runtime    Last Run
--------------------------------  -----  ---------  --------  ----------  --------------  -------------------
/opt/airflow/dags/weather_dag.py                           0           1  0.11s           2026-06-08T22:10:23
================================================================================
[2026-06-08T22:10:50.027+0000] {manager.py:737} INFO - Searching for files in /opt/airflow/dags
[2026-06-08T22:10:50.050+0000] {manager.py:740} INFO - There are 1 files in /opt/airflow/dags
[2026-06-08T22:10:53.715+0000] {manager.py:878} INFO - 
================================================================================
DAG File Processing Stats

File Path                         PID    Runtime      # DAGs    # Errors  Last Runtime    Last Run
--------------------------------  -----  ---------  --------  ----------  --------------  -------------------
/opt/airflow/dags/weather_dag.py                           0           1  0.11s           2026-06-08T22:10:53
================================================================================
[2026-06-08T22:11:23.965+0000] {manager.py:878} INFO - 
================================================================================
DAG File Processing Stats

File Path                         PID    Runtime      # DAGs    # Errors  Last Runtime    Last Run
--------------------------------  -----  ---------  --------  ----------  --------------  -------------------
/opt/airflow/dags/weather_dag.py                           0           1  0.10s           2026-06-08T22:11:23
================================================================================
[2026-06-08T22:11:54.194+0000] {manager.py:878} INFO - 
================================================================================
DAG File Processing Stats

File Path                         PID    Runtime      # DAGs    # Errors  Last Runtime    Last Run
--------------------------------  -----  ---------  --------  ----------  --------------  -------------------
/opt/airflow/dags/weather_dag.py                           0           1  0.10s           2026-06-08T22:11:54
================================================================================
[2026-06-08T22:12:24.460+0000] {manager.py:878} INFO - 
================================================================================
DAG File Processing Stats

File Path                         PID    Runtime      # DAGs    # Errors  Last Runtime    Last Run
--------------------------------  -----  ---------  --------  ----------  --------------  -------------------
/opt/airflow/dags/weather_dag.py                           0           1  0.10s           2026-06-08T22:12:24
================================================================================
[2026-06-08T22:12:54.809+0000] {manager.py:878} INFO - 
================================================================================
DAG File Processing Stats

File Path                         PID    Runtime      # DAGs    # Errors  Last Runtime    Last Run
--------------------------------  -----  ---------  --------  ----------  --------------  -------------------
/opt/airflow/dags/weather_dag.py                           0           1  0.21s           2026-06-08T22:12:54
================================================================================
[2026-06-08T22:13:03.946+0000] {manager.py:470} INFO - Processing files using up to 1 processes at a time 
[2026-06-08T22:13:03.947+0000] {manager.py:471} INFO - Process each file at most once every 30 seconds
[2026-06-08T22:13:03.948+0000] {manager.py:472} INFO - Checking for new files in /opt/airflow/dags every 300 seconds
[2026-06-08T22:13:03.950+0000] {manager.py:737} INFO - Searching for files in /opt/airflow/dags
[2026-06-08T22:13:03.972+0000] {manager.py:740} INFO - There are 1 files in /opt/airflow/dags
[2026-06-08T22:13:04.284+0000] {manager.py:878} INFO - 
================================================================================
DAG File Processing Stats

File Path                         PID    Runtime      # DAGs    # Errors  Last Runtime    Last Run
--------------------------------  -----  ---------  --------  ----------  --------------  -------------------
/opt/airflow/dags/weather_dag.py                           0           1  0.11s           2026-06-08T22:13:04
================================================================================
[2026-06-08T22:13:24.988+0000] {manager.py:878} INFO - 
================================================================================
DAG File Processing Stats

File Path                         PID    Runtime      # DAGs    # Errors  Last Runtime    Last Run
--------------------------------  -----  ---------  --------  ----------  --------------  -------------------
/opt/airflow/dags/weather_dag.py                           0           1  0.10s           2026-06-08T22:13:24
================================================================================
[2026-06-08T22:13:35.405+0000] {manager.py:878} INFO - 
================================================================================
DAG File Processing Stats

File Path                         PID    Runtime      # DAGs    # Errors  Last Runtime    Last Run
--------------------------------  -----  ---------  --------  ----------  --------------  -------------------
/opt/airflow/dags/weather_dag.py                           0           1  0.10s           2026-06-08T22:13:35
================================================================================
[2026-06-08T22:13:55.237+0000] {manager.py:878} INFO - 
================================================================================
DAG File Processing Stats

File Path                         PID    Runtime      # DAGs    # Errors  Last Runtime    Last Run
--------------------------------  -----  ---------  --------  ----------  --------------  -------------------
/opt/airflow/dags/weather_dag.py                           0           1  0.10s           2026-06-08T22:13:55
================================================================================
[2026-06-08T22:14:06.079+0000] {manager.py:878} INFO - 
================================================================================
DAG File Processing Stats

File Path                         PID    Runtime      # DAGs    # Errors  Last Runtime    Last Run
--------------------------------  -----  ---------  --------  ----------  --------------  -------------------
/opt/airflow/dags/weather_dag.py                           0           1  0.10s           2026-06-08T22:14:06
================================================================================
[2026-06-08T22:14:25.449+0000] {manager.py:878} INFO - 
================================================================================
DAG File Processing Stats

File Path                         PID    Runtime      # DAGs    # Errors  Last Runtime    Last Run
--------------------------------  -----  ---------  --------  ----------  --------------  -------------------
/opt/airflow/dags/weather_dag.py                           0           1  0.10s           2026-06-08T22:14:25
================================================================================
[2026-06-08T22:14:36.665+0000] {manager.py:878} INFO - 
================================================================================
DAG File Processing Stats

File Path                         PID    Runtime      # DAGs    # Errors  Last Runtime    Last Run
--------------------------------  -----  ---------  --------  ----------  --------------  -------------------
/opt/airflow/dags/weather_dag.py                           0           1  0.10s           2026-06-08T22:14:36
================================================================================
[2026-06-08T22:14:55.700+0000] {manager.py:878} INFO - 
================================================================================
DAG File Processing Stats

File Path                         PID    Runtime      # DAGs    # Errors  Last Runtime    Last Run
--------------------------------  -----  ---------  --------  ----------  --------------  -------------------
/opt/airflow/dags/weather_dag.py                           0           1  0.10s           2026-06-08T22:14:55
================================================================================
[2026-06-08T22:15:07.226+0000] {manager.py:878} INFO - 
================================================================================
DAG File Processing Stats

File Path                         PID    Runtime      # DAGs    # Errors  Last Runtime    Last Run
--------------------------------  -----  ---------  --------  ----------  --------------  -------------------
/opt/airflow/dags/weather_dag.py                           0           1  0.10s           2026-06-08T22:15:07
================================================================================
[2026-06-08T22:15:09.590+0000] {manager.py:452} INFO - Exiting gracefully upon receiving signal 15
